Flow report for top
Mon Jun 03 16:52:17 2019
Quartus II 64-Bit Version 13.0.1 Build 232 06/12/2013 Service Pack 1 SJ Full Version


---------------------
; Table of Contents ;
---------------------
  1. Legal Notice
  2. Flow Summary
  3. Flow Settings
  4. Flow Non-Default Global Settings
  5. Flow Elapsed Time
  6. Flow OS Summary
  7. Flow Log
  8. Flow Messages
  9. Flow Suppressed Messages



----------------
; Legal Notice ;
----------------
Copyright (C) 1991-2013 Altera Corporation
Your use of Altera Corporation's design tools, logic functions 
and other software and tools, and its AMPP partner logic 
functions, and any output files from any of the foregoing 
(including device programming or simulation files), and any 
associated documentation or information are expressly subject 
to the terms and conditions of the Altera Program License 
Subscription Agreement, Altera MegaCore Function License 
Agreement, or other applicable license agreement, including, 
without limitation, that your use is for the sole purpose of 
programming logic devices manufactured by Altera and sold by 
Altera or its authorized distributors.  Please refer to the 
applicable agreement for further details.



+---------------------------------------------------------------------------------------+
; Flow Summary                                                                          ;
+------------------------------------+--------------------------------------------------+
; Flow Status                        ; Successful - Mon Jun 03 16:52:15 2019            ;
; Quartus II 64-Bit Version          ; 13.0.1 Build 232 06/12/2013 SP 1 SJ Full Version ;
; Revision Name                      ; top                                              ;
; Top-level Entity Name              ; top                                              ;
; Family                             ; Cyclone II                                       ;
; Device                             ; EP2C70F672C8                                     ;
; Timing Models                      ; Final                                            ;
; Total logic elements               ; 810 / 68,416 ( 1 % )                             ;
;     Total combinational functions  ; 515 / 68,416 ( < 1 % )                           ;
;     Dedicated logic registers      ; 622 / 68,416 ( < 1 % )                           ;
; Total registers                    ; 622                                              ;
; Total pins                         ; 103 / 422 ( 24 % )                               ;
; Total virtual pins                 ; 0                                                ;
; Total memory bits                  ; 2,304 / 1,152,000 ( < 1 % )                      ;
; Embedded Multiplier 9-bit elements ; 0 / 300 ( 0 % )                                  ;
; Total PLLs                         ; 0 / 4 ( 0 % )                                    ;
+------------------------------------+--------------------------------------------------+


+-----------------------------------------+
; Flow Settings                           ;
+-------------------+---------------------+
; Option            ; Setting             ;
+-------------------+---------------------+
; Start date & time ; 06/02/2019 17:29:09 ;
; Main task         ; Compilation         ;
; Revision Name     ; top                 ;
+-------------------+---------------------+


+-----------------------------------------------------------------------------------------------------------------+
; Flow Non-Default Global Settings                                                                                ;
+-------------------------------------+--------------------------------+---------------+-------------+------------+
; Assignment Name                     ; Value                          ; Default Value ; Entity Name ; Section Id ;
+-------------------------------------+--------------------------------+---------------+-------------+------------+
; COMPILER_SIGNATURE_ID               ; 67037509971770.155946774906164 ; --            ; --          ; --         ;
; MAX_CORE_JUNCTION_TEMP              ; 85                             ; --            ; --          ; --         ;
; MIN_CORE_JUNCTION_TEMP              ; 0                              ; --            ; --          ; --         ;
; PARTITION_COLOR                     ; 16764057                       ; --            ; --          ; Top        ;
; PARTITION_FITTER_PRESERVATION_LEVEL ; PLACEMENT_AND_ROUTING          ; --            ; --          ; Top        ;
; PARTITION_NETLIST_TYPE              ; SOURCE                         ; --            ; --          ; Top        ;
+-------------------------------------+--------------------------------+---------------+-------------+------------+


+-------------------------------------------------------------------------------------------------------------------------------+
; Flow Elapsed Time                                                                                                             ;
+---------------------------+--------------+-------------------------+---------------------+------------------------------------+
; Module Name               ; Elapsed Time ; Average Processors Used ; Peak Virtual Memory ; Total CPU Time (on all processors) ;
+---------------------------+--------------+-------------------------+---------------------+------------------------------------+
; Analysis & Synthesis      ; 00:00:02     ; 1.0                     ; 4667 MB             ; 00:00:02                           ;
; Fitter                    ; 00:00:10     ; 1.7                     ; 5185 MB             ; 00:00:13                           ;
; Assembler                 ; 00:00:03     ; 1.0                     ; 4607 MB             ; 00:00:04                           ;
; TimeQuest Timing Analyzer ; 00:00:03     ; 1.0                     ; 4681 MB             ; 00:00:02                           ;
; Analysis & Synthesis      ; 00:00:06     ; 1.3                     ; 4695 MB             ; 00:00:08                           ;
; Partition Merge           ; 00:00:01     ; 1.0                     ; 4692 MB             ; 00:00:01                           ;
; Fitter                    ; 00:00:10     ; 1.2                     ; 5188 MB             ; 00:00:12                           ;
; Assembler                 ; 00:00:04     ; 1.0                     ; 4615 MB             ; 00:00:04                           ;
; TimeQuest Timing Analyzer ; 00:00:01     ; 1.0                     ; 4612 MB             ; 00:00:01                           ;
; Analysis & Synthesis      ; 00:00:07     ; 1.5                     ; 4696 MB             ; 00:00:08                           ;
; Partition Merge           ; 00:00:01     ; 1.0                     ; 4680 MB             ; 00:00:01                           ;
; Fitter                    ; 00:00:11     ; 1.4                     ; 5203 MB             ; 00:00:13                           ;
; Assembler                 ; 00:00:04     ; 1.0                     ; 4617 MB             ; 00:00:04                           ;
; TimeQuest Timing Analyzer ; 00:00:01     ; 1.0                     ; 4610 MB             ; 00:00:01                           ;
; Analysis & Synthesis      ; 00:00:06     ; 1.4                     ; 4701 MB             ; 00:00:07                           ;
; Partition Merge           ; 00:00:01     ; 1.0                     ; 4664 MB             ; 00:00:01                           ;
; Fitter                    ; 00:00:11     ; 1.3                     ; 5204 MB             ; 00:00:13                           ;
; Assembler                 ; 00:00:04     ; 1.0                     ; 4602 MB             ; 00:00:04                           ;
; TimeQuest Timing Analyzer ; 00:00:01     ; 1.0                     ; 4610 MB             ; 00:00:01                           ;
; Analysis & Synthesis      ; 00:00:07     ; 1.5                     ; 4697 MB             ; 00:00:08                           ;
; Partition Merge           ; 00:00:02     ; 1.0                     ; 4680 MB             ; 00:00:01                           ;
; Fitter                    ; 00:00:10     ; 1.3                     ; 5200 MB             ; 00:00:13                           ;
; Assembler                 ; 00:00:03     ; 1.0                     ; 4599 MB             ; 00:00:04                           ;
; TimeQuest Timing Analyzer ; 00:00:01     ; 1.0                     ; 4617 MB             ; 00:00:01                           ;
; Analysis & Synthesis      ; 00:00:07     ; 1.4                     ; 4698 MB             ; 00:00:09                           ;
; Partition Merge           ; 00:00:01     ; 1.0                     ; 4671 MB             ; 00:00:01                           ;
; Fitter                    ; 00:00:11     ; 1.2                     ; 5201 MB             ; 00:00:13                           ;
; Assembler                 ; 00:00:04     ; 1.0                     ; 4599 MB             ; 00:00:04                           ;
; TimeQuest Timing Analyzer ; 00:00:01     ; 1.0                     ; 4626 MB             ; 00:00:01                           ;
; Analysis & Synthesis      ; 00:00:07     ; 1.3                     ; 4698 MB             ; 00:00:08                           ;
; Partition Merge           ; 00:00:01     ; 1.0                     ; 4664 MB             ; 00:00:01                           ;
; Fitter                    ; 00:00:11     ; 1.3                     ; 5195 MB             ; 00:00:14                           ;
; Assembler                 ; 00:00:04     ; 1.0                     ; 4599 MB             ; 00:00:04                           ;
; TimeQuest Timing Analyzer ; 00:00:01     ; 1.0                     ; 4614 MB             ; 00:00:01                           ;
; Analysis & Synthesis      ; 00:00:07     ; 1.3                     ; 4698 MB             ; 00:00:08                           ;
; Partition Merge           ; 00:00:01     ; 1.0                     ; 4664 MB             ; 00:00:01                           ;
; Fitter                    ; 00:00:10     ; 1.3                     ; 5203 MB             ; 00:00:13                           ;
; Assembler                 ; 00:00:04     ; 1.0                     ; 4599 MB             ; 00:00:04                           ;
; TimeQuest Timing Analyzer ; 00:00:01     ; 1.0                     ; 4617 MB             ; 00:00:01                           ;
; Analysis & Synthesis      ; 00:00:06     ; 1.4                     ; 4698 MB             ; 00:00:07                           ;
; Partition Merge           ; 00:00:01     ; 1.0                     ; 4664 MB             ; 00:00:01                           ;
; Fitter                    ; 00:00:11     ; 1.3                     ; 5205 MB             ; 00:00:13                           ;
; Assembler                 ; 00:00:04     ; 1.0                     ; 4599 MB             ; 00:00:04                           ;
; TimeQuest Timing Analyzer ; 00:00:01     ; 1.0                     ; 4626 MB             ; 00:00:01                           ;
; Analysis & Synthesis      ; 00:00:06     ; 1.4                     ; 4698 MB             ; 00:00:07                           ;
; Partition Merge           ; 00:00:01     ; 1.0                     ; 4664 MB             ; 00:00:01                           ;
; Fitter                    ; 00:00:10     ; 1.2                     ; 5203 MB             ; 00:00:12                           ;
; Assembler                 ; 00:00:04     ; 1.0                     ; 4599 MB             ; 00:00:04                           ;
; TimeQuest Timing Analyzer ; 00:00:01     ; 1.0                     ; 4626 MB             ; 00:00:01                           ;
; Analysis & Synthesis      ; 00:00:06     ; 1.4                     ; 4698 MB             ; 00:00:07                           ;
; Partition Merge           ; 00:00:01     ; 1.0                     ; 4664 MB             ; 00:00:01                           ;
; Fitter                    ; 00:00:10     ; 1.2                     ; 5196 MB             ; 00:00:12                           ;
; Assembler                 ; 00:00:04     ; 1.0                     ; 4599 MB             ; 00:00:04                           ;
; TimeQuest Timing Analyzer ; 00:00:01     ; 1.0                     ; 4617 MB             ; 00:00:01                           ;
; Analysis & Synthesis      ; 00:00:02     ; 1.0                     ; 4662 MB             ; 00:00:02                           ;
; Analysis & Synthesis      ; 00:00:01     ; 1.0                     ; 4659 MB             ; 00:00:01                           ;
; Analysis & Synthesis      ; 00:00:06     ; 1.4                     ; 4695 MB             ; 00:00:07                           ;
; Partition Merge           ; 00:00:01     ; 1.0                     ; 4664 MB             ; 00:00:01                           ;
; Fitter                    ; 00:00:10     ; 1.2                     ; 5200 MB             ; 00:00:13                           ;
; Assembler                 ; 00:00:04     ; 1.0                     ; 4599 MB             ; 00:00:04                           ;
; TimeQuest Timing Analyzer ; 00:00:01     ; 1.0                     ; 4626 MB             ; 00:00:01                           ;
; Analysis & Synthesis      ; 00:00:06     ; 1.3                     ; 4698 MB             ; 00:00:08                           ;
; Partition Merge           ; 00:00:01     ; 1.0                     ; 4672 MB             ; 00:00:01                           ;
; Fitter                    ; 00:00:09     ; 1.2                     ; 5197 MB             ; 00:00:12                           ;
; Assembler                 ; 00:00:03     ; 1.0                     ; 4602 MB             ; 00:00:04                           ;
; TimeQuest Timing Analyzer ; 00:00:01     ; 1.0                     ; 4612 MB             ; 00:00:01                           ;
; Analysis & Synthesis      ; 00:00:06     ; 1.3                     ; 4691 MB             ; 00:00:07                           ;
; Partition Merge           ; 00:00:01     ; 1.0                     ; 4664 MB             ; 00:00:01                           ;
; Fitter                    ; 00:00:09     ; 1.2                     ; 5201 MB             ; 00:00:12                           ;
; Assembler                 ; 00:00:04     ; 1.0                     ; 4606 MB             ; 00:00:04                           ;
; TimeQuest Timing Analyzer ; 00:00:01     ; 1.0                     ; 4621 MB             ; 00:00:01                           ;
; Analysis & Synthesis      ; 00:00:05     ; 1.0                     ; 4696 MB             ; 00:00:04                           ;
; Partition Merge           ; 00:00:01     ; 1.0                     ; 4671 MB             ; 00:00:01                           ;
; Fitter                    ; 00:00:11     ; 1.4                     ; 5190 MB             ; 00:00:14                           ;
; Assembler                 ; 00:00:04     ; 1.0                     ; 4602 MB             ; 00:00:04                           ;
; TimeQuest Timing Analyzer ; 00:00:02     ; 1.0                     ; 4612 MB             ; 00:00:01                           ;
; Analysis & Synthesis      ; 00:00:07     ; 1.5                     ; 4691 MB             ; 00:00:08                           ;
; Partition Merge           ; 00:00:01     ; 1.0                     ; 4664 MB             ; 00:00:01                           ;
; Fitter                    ; 00:00:11     ; 1.4                     ; 5199 MB             ; 00:00:14                           ;
; Assembler                 ; 00:00:05     ; 1.0                     ; 4602 MB             ; 00:00:04                           ;
; TimeQuest Timing Analyzer ; 00:00:01     ; 1.0                     ; 4612 MB             ; 00:00:01                           ;
; Analysis & Synthesis      ; 00:00:07     ; 1.3                     ; 4695 MB             ; 00:00:08                           ;
; Partition Merge           ; 00:00:01     ; 1.0                     ; 4664 MB             ; 00:00:01                           ;
; Fitter                    ; 00:00:11     ; 1.4                     ; 5188 MB             ; 00:00:14                           ;
; Assembler                 ; 00:00:04     ; 1.0                     ; 4606 MB             ; 00:00:04                           ;
; TimeQuest Timing Analyzer ; 00:00:01     ; 1.0                     ; 4612 MB             ; 00:00:01                           ;
; Analysis & Synthesis      ; 00:00:07     ; 1.5                     ; 4695 MB             ; 00:00:08                           ;
; Partition Merge           ; 00:00:01     ; 1.0                     ; 4664 MB             ; 00:00:01                           ;
; Fitter                    ; 00:00:09     ; 1.1                     ; 5203 MB             ; 00:00:12                           ;
; Assembler                 ; 00:00:04     ; 1.0                     ; 4602 MB             ; 00:00:04                           ;
; TimeQuest Timing Analyzer ; 00:00:01     ; 1.0                     ; 4612 MB             ; 00:00:01                           ;
; Analysis & Synthesis      ; 00:00:07     ; 1.5                     ; 4695 MB             ; 00:00:07                           ;
; Partition Merge           ; 00:00:01     ; 1.0                     ; 4664 MB             ; 00:00:01                           ;
; Fitter                    ; 00:00:10     ; 1.1                     ; 5188 MB             ; 00:00:12                           ;
; Assembler                 ; 00:00:04     ; 1.0                     ; 4602 MB             ; 00:00:04                           ;
; TimeQuest Timing Analyzer ; 00:00:01     ; 1.0                     ; 4612 MB             ; 00:00:01                           ;
; Analysis & Synthesis      ; 00:00:02     ; 1.0                     ; 4659 MB             ; 00:00:02                           ;
; Analysis & Synthesis      ; 00:00:06     ; 1.4                     ; 4694 MB             ; 00:00:07                           ;
; Partition Merge           ; 00:00:01     ; 1.0                     ; 4664 MB             ; 00:00:01                           ;
; Fitter                    ; 00:00:25     ; 1.4                     ; 5192 MB             ; 00:00:31                           ;
; Assembler                 ; 00:00:05     ; 1.0                     ; 4598 MB             ; 00:00:05                           ;
; TimeQuest Timing Analyzer ; 00:00:01     ; 1.0                     ; 4612 MB             ; 00:00:01                           ;
; Total                     ; 00:07:51     ; --                      ; --                  ; 00:09:04                           ;
+---------------------------+--------------+-------------------------+---------------------+------------------------------------+


+----------------------------------------------------------------------------------------+
; Flow OS Summary                                                                        ;
+---------------------------+------------------+-----------+------------+----------------+
; Module Name               ; Machine Hostname ; OS Name   ; OS Version ; Processor type ;
+---------------------------+------------------+-----------+------------+----------------+
; Analysis & Synthesis      ; WP6EYXBN31903AW  ; Windows 7 ; 6.2        ; x86_64         ;
; Fitter                    ; WP6EYXBN31903AW  ; Windows 7 ; 6.2        ; x86_64         ;
; Assembler                 ; WP6EYXBN31903AW  ; Windows 7 ; 6.2        ; x86_64         ;
; TimeQuest Timing Analyzer ; WP6EYXBN31903AW  ; Windows 7 ; 6.2        ; x86_64         ;
; Analysis & Synthesis      ; WP6EYXBN31903AW  ; Windows 7 ; 6.2        ; x86_64         ;
; Partition Merge           ; WP6EYXBN31903AW  ; Windows 7 ; 6.2        ; x86_64         ;
; Fitter                    ; WP6EYXBN31903AW  ; Windows 7 ; 6.2        ; x86_64         ;
; Assembler                 ; WP6EYXBN31903AW  ; Windows 7 ; 6.2        ; x86_64         ;
; TimeQuest Timing Analyzer ; WP6EYXBN31903AW  ; Windows 7 ; 6.2        ; x86_64         ;
; Analysis & Synthesis      ; WP6EYXBN31903AW  ; Windows 7 ; 6.2        ; x86_64         ;
; Partition Merge           ; WP6EYXBN31903AW  ; Windows 7 ; 6.2        ; x86_64         ;
; Fitter                    ; WP6EYXBN31903AW  ; Windows 7 ; 6.2        ; x86_64         ;
; Assembler                 ; WP6EYXBN31903AW  ; Windows 7 ; 6.2        ; x86_64         ;
; TimeQuest Timing Analyzer ; WP6EYXBN31903AW  ; Windows 7 ; 6.2        ; x86_64         ;
; Analysis & Synthesis      ; WP6EYXBN31903AW  ; Windows 7 ; 6.2        ; x86_64         ;
; Partition Merge           ; WP6EYXBN31903AW  ; Windows 7 ; 6.2        ; x86_64         ;
; Fitter                    ; WP6EYXBN31903AW  ; Windows 7 ; 6.2        ; x86_64         ;
; Assembler                 ; WP6EYXBN31903AW  ; Windows 7 ; 6.2        ; x86_64         ;
; TimeQuest Timing Analyzer ; WP6EYXBN31903AW  ; Windows 7 ; 6.2        ; x86_64         ;
; Analysis & Synthesis      ; WP6EYXBN31903AW  ; Windows 7 ; 6.2        ; x86_64         ;
; Partition Merge           ; WP6EYXBN31903AW  ; Windows 7 ; 6.2        ; x86_64         ;
; Fitter                    ; WP6EYXBN31903AW  ; Windows 7 ; 6.2        ; x86_64         ;
; Assembler                 ; WP6EYXBN31903AW  ; Windows 7 ; 6.2        ; x86_64         ;
; TimeQuest Timing Analyzer ; WP6EYXBN31903AW  ; Windows 7 ; 6.2        ; x86_64         ;
; Analysis & Synthesis      ; WP6EYXBN31903AW  ; Windows 7 ; 6.2        ; x86_64         ;
; Partition Merge           ; WP6EYXBN31903AW  ; Windows 7 ; 6.2        ; x86_64         ;
; Fitter                    ; WP6EYXBN31903AW  ; Windows 7 ; 6.2        ; x86_64         ;
; Assembler                 ; WP6EYXBN31903AW  ; Windows 7 ; 6.2        ; x86_64         ;
; TimeQuest Timing Analyzer ; WP6EYXBN31903AW  ; Windows 7 ; 6.2        ; x86_64         ;
; Analysis & Synthesis      ; WP6EYXBN31903AW  ; Windows 7 ; 6.2        ; x86_64         ;
; Partition Merge           ; WP6EYXBN31903AW  ; Windows 7 ; 6.2        ; x86_64         ;
; Fitter                    ; WP6EYXBN31903AW  ; Windows 7 ; 6.2        ; x86_64         ;
; Assembler                 ; WP6EYXBN31903AW  ; Windows 7 ; 6.2        ; x86_64         ;
; TimeQuest Timing Analyzer ; WP6EYXBN31903AW  ; Windows 7 ; 6.2        ; x86_64         ;
; Analysis & Synthesis      ; WP6EYXBN31903AW  ; Windows 7 ; 6.2        ; x86_64         ;
; Partition Merge           ; WP6EYXBN31903AW  ; Windows 7 ; 6.2        ; x86_64         ;
; Fitter                    ; WP6EYXBN31903AW  ; Windows 7 ; 6.2        ; x86_64         ;
; Assembler                 ; WP6EYXBN31903AW  ; Windows 7 ; 6.2        ; x86_64         ;
; TimeQuest Timing Analyzer ; WP6EYXBN31903AW  ; Windows 7 ; 6.2        ; x86_64         ;
; Analysis & Synthesis      ; WP6EYXBN31903AW  ; Windows 7 ; 6.2        ; x86_64         ;
; Partition Merge           ; WP6EYXBN31903AW  ; Windows 7 ; 6.2        ; x86_64         ;
; Fitter                    ; WP6EYXBN31903AW  ; Windows 7 ; 6.2        ; x86_64         ;
; Assembler                 ; WP6EYXBN31903AW  ; Windows 7 ; 6.2        ; x86_64         ;
; TimeQuest Timing Analyzer ; WP6EYXBN31903AW  ; Windows 7 ; 6.2        ; x86_64         ;
; Analysis & Synthesis      ; WP6EYXBN31903AW  ; Windows 7 ; 6.2        ; x86_64         ;
; Partition Merge           ; WP6EYXBN31903AW  ; Windows 7 ; 6.2        ; x86_64         ;
; Fitter                    ; WP6EYXBN31903AW  ; Windows 7 ; 6.2        ; x86_64         ;
; Assembler                 ; WP6EYXBN31903AW  ; Windows 7 ; 6.2        ; x86_64         ;
; TimeQuest Timing Analyzer ; WP6EYXBN31903AW  ; Windows 7 ; 6.2        ; x86_64         ;
; Analysis & Synthesis      ; WP6EYXBN31903AW  ; Windows 7 ; 6.2        ; x86_64         ;
; Partition Merge           ; WP6EYXBN31903AW  ; Windows 7 ; 6.2        ; x86_64         ;
; Fitter                    ; WP6EYXBN31903AW  ; Windows 7 ; 6.2        ; x86_64         ;
; Assembler                 ; WP6EYXBN31903AW  ; Windows 7 ; 6.2        ; x86_64         ;
; TimeQuest Timing Analyzer ; WP6EYXBN31903AW  ; Windows 7 ; 6.2        ; x86_64         ;
; Analysis & Synthesis      ; WP6EYXBN31903AW  ; Windows 7 ; 6.2        ; x86_64         ;
; Analysis & Synthesis      ; WP6EYXBN31903AW  ; Windows 7 ; 6.2        ; x86_64         ;
; Analysis & Synthesis      ; WP6EYXBN31903AW  ; Windows 7 ; 6.2        ; x86_64         ;
; Partition Merge           ; WP6EYXBN31903AW  ; Windows 7 ; 6.2        ; x86_64         ;
; Fitter                    ; WP6EYXBN31903AW  ; Windows 7 ; 6.2        ; x86_64         ;
; Assembler                 ; WP6EYXBN31903AW  ; Windows 7 ; 6.2        ; x86_64         ;
; TimeQuest Timing Analyzer ; WP6EYXBN31903AW  ; Windows 7 ; 6.2        ; x86_64         ;
; Analysis & Synthesis      ; WP6EYXBN31903AW  ; Windows 7 ; 6.2        ; x86_64         ;
; Partition Merge           ; WP6EYXBN31903AW  ; Windows 7 ; 6.2        ; x86_64         ;
; Fitter                    ; WP6EYXBN31903AW  ; Windows 7 ; 6.2        ; x86_64         ;
; Assembler                 ; WP6EYXBN31903AW  ; Windows 7 ; 6.2        ; x86_64         ;
; TimeQuest Timing Analyzer ; WP6EYXBN31903AW  ; Windows 7 ; 6.2        ; x86_64         ;
; Analysis & Synthesis      ; WP6EYXBN31903AW  ; Windows 7 ; 6.2        ; x86_64         ;
; Partition Merge           ; WP6EYXBN31903AW  ; Windows 7 ; 6.2        ; x86_64         ;
; Fitter                    ; WP6EYXBN31903AW  ; Windows 7 ; 6.2        ; x86_64         ;
; Assembler                 ; WP6EYXBN31903AW  ; Windows 7 ; 6.2        ; x86_64         ;
; TimeQuest Timing Analyzer ; WP6EYXBN31903AW  ; Windows 7 ; 6.2        ; x86_64         ;
; Analysis & Synthesis      ; WP6EYXBN31903AW  ; Windows 7 ; 6.2        ; x86_64         ;
; Partition Merge           ; WP6EYXBN31903AW  ; Windows 7 ; 6.2        ; x86_64         ;
; Fitter                    ; WP6EYXBN31903AW  ; Windows 7 ; 6.2        ; x86_64         ;
; Assembler                 ; WP6EYXBN31903AW  ; Windows 7 ; 6.2        ; x86_64         ;
; TimeQuest Timing Analyzer ; WP6EYXBN31903AW  ; Windows 7 ; 6.2        ; x86_64         ;
; Analysis & Synthesis      ; WP6EYXBN31903AW  ; Windows 7 ; 6.2        ; x86_64         ;
; Partition Merge           ; WP6EYXBN31903AW  ; Windows 7 ; 6.2        ; x86_64         ;
; Fitter                    ; WP6EYXBN31903AW  ; Windows 7 ; 6.2        ; x86_64         ;
; Assembler                 ; WP6EYXBN31903AW  ; Windows 7 ; 6.2        ; x86_64         ;
; TimeQuest Timing Analyzer ; WP6EYXBN31903AW  ; Windows 7 ; 6.2        ; x86_64         ;
; Analysis & Synthesis      ; WP6EYXBN31903AW  ; Windows 7 ; 6.2        ; x86_64         ;
; Partition Merge           ; WP6EYXBN31903AW  ; Windows 7 ; 6.2        ; x86_64         ;
; Fitter                    ; WP6EYXBN31903AW  ; Windows 7 ; 6.2        ; x86_64         ;
; Assembler                 ; WP6EYXBN31903AW  ; Windows 7 ; 6.2        ; x86_64         ;
; TimeQuest Timing Analyzer ; WP6EYXBN31903AW  ; Windows 7 ; 6.2        ; x86_64         ;
; Analysis & Synthesis      ; WP6EYXBN31903AW  ; Windows 7 ; 6.2        ; x86_64         ;
; Partition Merge           ; WP6EYXBN31903AW  ; Windows 7 ; 6.2        ; x86_64         ;
; Fitter                    ; WP6EYXBN31903AW  ; Windows 7 ; 6.2        ; x86_64         ;
; Assembler                 ; WP6EYXBN31903AW  ; Windows 7 ; 6.2        ; x86_64         ;
; TimeQuest Timing Analyzer ; WP6EYXBN31903AW  ; Windows 7 ; 6.2        ; x86_64         ;
; Analysis & Synthesis      ; WP6EYXBN31903AW  ; Windows 7 ; 6.2        ; x86_64         ;
; Partition Merge           ; WP6EYXBN31903AW  ; Windows 7 ; 6.2        ; x86_64         ;
; Fitter                    ; WP6EYXBN31903AW  ; Windows 7 ; 6.2        ; x86_64         ;
; Assembler                 ; WP6EYXBN31903AW  ; Windows 7 ; 6.2        ; x86_64         ;
; TimeQuest Timing Analyzer ; WP6EYXBN31903AW  ; Windows 7 ; 6.2        ; x86_64         ;
; Analysis & Synthesis      ; WP6EYXBN31903AW  ; Windows 7 ; 6.2        ; x86_64         ;
; Analysis & Synthesis      ; WP6EYXBN31903AW  ; Windows 7 ; 6.2        ; x86_64         ;
; Partition Merge           ; WP6EYXBN31903AW  ; Windows 7 ; 6.2        ; x86_64         ;
; Fitter                    ; WP6EYXBN31903AW  ; Windows 7 ; 6.2        ; x86_64         ;
; Assembler                 ; WP6EYXBN31903AW  ; Windows 7 ; 6.2        ; x86_64         ;
; TimeQuest Timing Analyzer ; WP6EYXBN31903AW  ; Windows 7 ; 6.2        ; x86_64         ;
+---------------------------+------------------+-----------+------------+----------------+


------------
; Flow Log ;
------------
quartus_map --read_settings_files=on --write_settings_files=off top -c top
quartus_fit --read_settings_files=off --write_settings_files=off top -c top
quartus_asm --read_settings_files=off --write_settings_files=off top -c top
quartus_sta top -c top
quartus_map --read_settings_files=on --write_settings_files=off top -c top
quartus_cdb --read_settings_files=off --write_settings_files=off top -c top --merge=on
quartus_fit --read_settings_files=off --write_settings_files=off top -c top
quartus_asm --read_settings_files=off --write_settings_files=off top -c top
quartus_sta top -c top
quartus_map --read_settings_files=on --write_settings_files=off top -c top
quartus_cdb --read_settings_files=off --write_settings_files=off top -c top --merge=on
quartus_fit --read_settings_files=off --write_settings_files=off top -c top
quartus_asm --read_settings_files=off --write_settings_files=off top -c top
quartus_sta top -c top
quartus_map --read_settings_files=on --write_settings_files=off top -c top
quartus_cdb --read_settings_files=off --write_settings_files=off top -c top --merge=on
quartus_fit --read_settings_files=off --write_settings_files=off top -c top
quartus_asm --read_settings_files=off --write_settings_files=off top -c top
quartus_sta top -c top
quartus_map --read_settings_files=on --write_settings_files=off top -c top
quartus_cdb --read_settings_files=off --write_settings_files=off top -c top --merge=on
quartus_fit --read_settings_files=off --write_settings_files=off top -c top
quartus_asm --read_settings_files=off --write_settings_files=off top -c top
quartus_sta top -c top
quartus_map --read_settings_files=on --write_settings_files=off top -c top
quartus_cdb --read_settings_files=off --write_settings_files=off top -c top --merge=on
quartus_fit --read_settings_files=off --write_settings_files=off top -c top
quartus_asm --read_settings_files=off --write_settings_files=off top -c top
quartus_sta top -c top
quartus_map --read_settings_files=on --write_settings_files=off top -c top
quartus_cdb --read_settings_files=off --write_settings_files=off top -c top --merge=on
quartus_fit --read_settings_files=off --write_settings_files=off top -c top
quartus_asm --read_settings_files=off --write_settings_files=off top -c top
quartus_sta top -c top
quartus_map --read_settings_files=on --write_settings_files=off top -c top
quartus_cdb --read_settings_files=off --write_settings_files=off top -c top --merge=on
quartus_fit --read_settings_files=off --write_settings_files=off top -c top
quartus_asm --read_settings_files=off --write_settings_files=off top -c top
quartus_sta top -c top
quartus_map --read_settings_files=on --write_settings_files=off top -c top
quartus_cdb --read_settings_files=off --write_settings_files=off top -c top --merge=on
quartus_fit --read_settings_files=off --write_settings_files=off top -c top
quartus_asm --read_settings_files=off --write_settings_files=off top -c top
quartus_sta top -c top
quartus_map --read_settings_files=on --write_settings_files=off top -c top
quartus_cdb --read_settings_files=off --write_settings_files=off top -c top --merge=on
quartus_fit --read_settings_files=off --write_settings_files=off top -c top
quartus_asm --read_settings_files=off --write_settings_files=off top -c top
quartus_sta top -c top
quartus_map --read_settings_files=on --write_settings_files=off top -c top
quartus_cdb --read_settings_files=off --write_settings_files=off top -c top --merge=on
quartus_fit --read_settings_files=off --write_settings_files=off top -c top
quartus_asm --read_settings_files=off --write_settings_files=off top -c top
quartus_sta top -c top
quartus_map --read_settings_files=on --write_settings_files=off top -c top
quartus_map --read_settings_files=on --write_settings_files=off top -c top
quartus_map --read_settings_files=on --write_settings_files=off top -c top
quartus_cdb --read_settings_files=off --write_settings_files=off top -c top --merge=on
quartus_fit --read_settings_files=off --write_settings_files=off top -c top
quartus_asm --read_settings_files=off --write_settings_files=off top -c top
quartus_sta top -c top
quartus_map --read_settings_files=on --write_settings_files=off top -c top
quartus_cdb --read_settings_files=off --write_settings_files=off top -c top --merge=on
quartus_fit --read_settings_files=off --write_settings_files=off top -c top
quartus_asm --read_settings_files=off --write_settings_files=off top -c top
quartus_sta top -c top
quartus_map --read_settings_files=on --write_settings_files=off top -c top
quartus_cdb --read_settings_files=off --write_settings_files=off top -c top --merge=on
quartus_fit --read_settings_files=off --write_settings_files=off top -c top
quartus_asm --read_settings_files=off --write_settings_files=off top -c top
quartus_sta top -c top
quartus_map --read_settings_files=on --write_settings_files=off top -c top
quartus_cdb --read_settings_files=off --write_settings_files=off top -c top --merge=on
quartus_fit --read_settings_files=off --write_settings_files=off top -c top
quartus_asm --read_settings_files=off --write_settings_files=off top -c top
quartus_sta top -c top
quartus_map --read_settings_files=on --write_settings_files=off top -c top
quartus_cdb --read_settings_files=off --write_settings_files=off top -c top --merge=on
quartus_fit --read_settings_files=off --write_settings_files=off top -c top
quartus_asm --read_settings_files=off --write_settings_files=off top -c top
quartus_sta top -c top
quartus_map --read_settings_files=on --write_settings_files=off top -c top
quartus_cdb --read_settings_files=off --write_settings_files=off top -c top --merge=on
quartus_fit --read_settings_files=off --write_settings_files=off top -c top
quartus_asm --read_settings_files=off --write_settings_files=off top -c top
quartus_sta top -c top
quartus_map --read_settings_files=on --write_settings_files=off top -c top
quartus_cdb --read_settings_files=off --write_settings_files=off top -c top --merge=on
quartus_fit --read_settings_files=off --write_settings_files=off top -c top
quartus_asm --read_settings_files=off --write_settings_files=off top -c top
quartus_sta top -c top
quartus_map --read_settings_files=on --write_settings_files=off top -c top
quartus_cdb --read_settings_files=off --write_settings_files=off top -c top --merge=on
quartus_fit --read_settings_files=off --write_settings_files=off top -c top
quartus_asm --read_settings_files=off --write_settings_files=off top -c top
quartus_sta top -c top
quartus_map --read_settings_files=on --write_settings_files=off top -c top
quartus_map --read_settings_files=on --write_settings_files=off top -c top
quartus_cdb --read_settings_files=off --write_settings_files=off top -c top --merge=on
quartus_fit --read_settings_files=off --write_settings_files=off top -c top
quartus_asm --read_settings_files=off --write_settings_files=off top -c top
quartus_sta top -c top



